Arguments: 
  /home/sandbox/.nvm/versions/node/v16.15.1/bin/node /home/sandbox/.nvm/versions/node/v16.15.1/bin/yarn cache clean

PATH: 
  /home/sandbox/.nvm/versions/node/v16.15.1/bin:/usr/local/bin:/usr/bin:/bin:/usr/local/games:/usr/games

Yarn version: 
  1.22.19

Node version: 
  16.15.1

Platform: 
  linux x64

Trace: 
  Error: EBUSY: resource busy or locked, rmdir '/home/sandbox/.cache/yarn'

npm manifest: 
  {
    "name": "template-hcp",
    "version": "1.0.0",
    "main": "index.js",
    "license": "MIT",
    "scripts": {
      "start": "webpack serve"
    },
    "dependencies": {
      "react": "^17.0.2",
      "react-dom": "^17.0.2",
      "moment": "^2.13.0",
      "moment-timezone": "^0.5.4"
    },
    "devDependencies": {
      "@types/react": "16.14.22",
      "@types/moment-timezone": "^0.5.30",
      "@types/node": "^16.11.63",
      "@types/react-dom": "16.9.0",
      "@babel/core": "^7.18.10",
      "@babel/eslint-parser": "7.17.0",
      "@babel/plugin-proposal-decorators": "7.17.8",
      "@babel/preset-env": "^7.18.10",
      "@babel/preset-react": "7.16.7",
      "@babel/preset-typescript": "7.16.7",
      "babel-loader": "8.2.4",
      "@pmmmwh/react-refresh-webpack-plugin": "0.5.7",
      "html-webpack-plugin": "4",
      "compression-webpack-plugin": "^10.0.0",
      "webpack": "5.70.0",
      "webpack-assets-manifest": "5.1.0",
      "webpack-cli": "4.10.0",
      "webpack-dev-server": "4.7.4",
      "typescript": "4.6.2",
      "sass": "1.52.3",
      "sass-loader": "12.6.0",
      "react-refresh": "0.11.0",
      "fork-ts-checker-webpack-plugin": "7.2.13",
      "process": "^0.11.10"
    },
    "keywords": [],
    "description": ""
  }

yarn manifest: 
  No manifest

Lockfile: 
  No lockfile
